{"C:\\Users\\Lenovo\\WebstormProjects\\invitation_app\\server\\index.js": {"path":"C:\\Users\\Lenovo\\WebstormProjects\\invitation_app\\server\\index.js","statementMap":{"0":{"start":{"line":1,"column":18},"end":{"line":1,"column":44}},"1":{"start":{"line":2,"column":16},"end":{"line":2,"column":34}},"2":{"start":{"line":3,"column":13},"end":{"line":3,"column":28}},"3":{"start":{"line":4,"column":19},"end":{"line":4,"column":41}},"4":{"start":{"line":5,"column":13},"end":{"line":5,"column":28}},"5":{"start":{"line":6,"column":13},"end":{"line":6,"column":28}},"6":{"start":{"line":7,"column":19},"end":{"line":7,"column":39}},"7":{"start":{"line":9,"column":12},"end":{"line":9,"column":21}},"8":{"start":{"line":10,"column":13},"end":{"line":10,"column":37}},"9":{"start":{"line":12,"column":0},"end":{"line":12,"column":42}},"10":{"start":{"line":13,"column":0},"end":{"line":13,"column":67}},"11":{"start":{"line":14,"column":0},"end":{"line":14,"column":16}},"12":{"start":{"line":15,"column":0},"end":{"line":15,"column":27}},"13":{"start":{"line":18,"column":15},"end":{"line":18,"column":32}},"14":{"start":{"line":19,"column":16},"end":{"line":26,"column":2}},"15":{"start":{"line":21,"column":8},"end":{"line":21,"column":50}},"16":{"start":{"line":24,"column":8},"end":{"line":24,"column":55}},"17":{"start":{"line":27,"column":15},"end":{"line":30,"column":2}},"18":{"start":{"line":31,"column":0},"end":{"line":36,"column":3}},"19":{"start":{"line":32,"column":4},"end":{"line":34,"column":5}},"20":{"start":{"line":33,"column":8},"end":{"line":33,"column":67}},"21":{"start":{"line":35,"column":4},"end":{"line":35,"column":64}},"22":{"start":{"line":39,"column":18},"end":{"line":39,"column":20}},"23":{"start":{"line":40,"column":13},"end":{"line":40,"column":14}},"24":{"start":{"line":42,"column":0},"end":{"line":42,"column":48}},"25":{"start":{"line":43,"column":0},"end":{"line":58,"column":1}},"26":{"start":{"line":44,"column":25},"end":{"line":44,"column":54}},"27":{"start":{"line":45,"column":4},"end":{"line":45,"column":35}},"28":{"start":{"line":47,"column":4},"end":{"line":54,"column":8}},"29":{"start":{"line":47,"column":39},"end":{"line":54,"column":5}},"30":{"start":{"line":55,"column":4},"end":{"line":55,"column":65}},"31":{"start":{"line":57,"column":4},"end":{"line":57,"column":56}},"32":{"start":{"line":62,"column":19},"end":{"line":62,"column":21}},"33":{"start":{"line":63,"column":4},"end":{"line":63,"column":61}},"34":{"start":{"line":63,"column":28},"end":{"line":63,"column":61}},"35":{"start":{"line":64,"column":4},"end":{"line":64,"column":77}},"36":{"start":{"line":64,"column":33},"end":{"line":64,"column":77}},"37":{"start":{"line":65,"column":4},"end":{"line":65,"column":64}},"38":{"start":{"line":65,"column":29},"end":{"line":65,"column":64}},"39":{"start":{"line":66,"column":4},"end":{"line":66,"column":71}},"40":{"start":{"line":66,"column":31},"end":{"line":66,"column":71}},"41":{"start":{"line":67,"column":4},"end":{"line":69,"column":5}},"42":{"start":{"line":68,"column":8},"end":{"line":68,"column":57}},"43":{"start":{"line":70,"column":4},"end":{"line":70,"column":18}},"44":{"start":{"line":74,"column":19},"end":{"line":74,"column":21}},"45":{"start":{"line":75,"column":4},"end":{"line":75,"column":79}},"46":{"start":{"line":75,"column":46},"end":{"line":75,"column":79}},"47":{"start":{"line":76,"column":4},"end":{"line":76,"column":100}},"48":{"start":{"line":76,"column":56},"end":{"line":76,"column":100}},"49":{"start":{"line":77,"column":4},"end":{"line":77,"column":83}},"50":{"start":{"line":77,"column":48},"end":{"line":77,"column":83}},"51":{"start":{"line":78,"column":4},"end":{"line":78,"column":92}},"52":{"start":{"line":78,"column":52},"end":{"line":78,"column":92}},"53":{"start":{"line":79,"column":4},"end":{"line":81,"column":5}},"54":{"start":{"line":80,"column":8},"end":{"line":80,"column":57}},"55":{"start":{"line":82,"column":4},"end":{"line":82,"column":18}},"56":{"start":{"line":86,"column":0},"end":{"line":103,"column":3}},"57":{"start":{"line":87,"column":4},"end":{"line":102,"column":5}},"58":{"start":{"line":88,"column":51},"end":{"line":88,"column":60}},"59":{"start":{"line":89,"column":21},"end":{"line":89,"column":37}},"60":{"start":{"line":91,"column":8},"end":{"line":91,"column":87}},"61":{"start":{"line":91,"column":22},"end":{"line":91,"column":87}},"62":{"start":{"line":91,"column":52},"end":{"line":91,"column":85}},"63":{"start":{"line":92,"column":8},"end":{"line":92,"column":82}},"64":{"start":{"line":92,"column":23},"end":{"line":92,"column":82}},"65":{"start":{"line":92,"column":53},"end":{"line":92,"column":80}},"66":{"start":{"line":94,"column":8},"end":{"line":97,"column":96}},"67":{"start":{"line":94,"column":39},"end":{"line":94,"column":80}},"68":{"start":{"line":94,"column":61},"end":{"line":94,"column":78}},"69":{"start":{"line":95,"column":13},"end":{"line":97,"column":96}},"70":{"start":{"line":95,"column":45},"end":{"line":95,"column":86}},"71":{"start":{"line":95,"column":67},"end":{"line":95,"column":84}},"72":{"start":{"line":96,"column":13},"end":{"line":97,"column":96}},"73":{"start":{"line":96,"column":43},"end":{"line":96,"column":95}},"74":{"start":{"line":96,"column":65},"end":{"line":96,"column":93}},"75":{"start":{"line":97,"column":13},"end":{"line":97,"column":96}},"76":{"start":{"line":97,"column":44},"end":{"line":97,"column":96}},"77":{"start":{"line":97,"column":66},"end":{"line":97,"column":94}},"78":{"start":{"line":99,"column":8},"end":{"line":99,"column":25}},"79":{"start":{"line":101,"column":8},"end":{"line":101,"column":55}},"80":{"start":{"line":105,"column":0},"end":{"line":110,"column":3}},"81":{"start":{"line":106,"column":15},"end":{"line":106,"column":38}},"82":{"start":{"line":107,"column":23},"end":{"line":107,"column":61}},"83":{"start":{"line":107,"column":47},"end":{"line":107,"column":60}},"84":{"start":{"line":108,"column":4},"end":{"line":108,"column":86}},"85":{"start":{"line":108,"column":21},"end":{"line":108,"column":86}},"86":{"start":{"line":109,"column":4},"end":{"line":109,"column":25}},"87":{"start":{"line":112,"column":0},"end":{"line":120,"column":3}},"88":{"start":{"line":113,"column":19},"end":{"line":113,"column":47}},"89":{"start":{"line":114,"column":4},"end":{"line":114,"column":80}},"90":{"start":{"line":114,"column":40},"end":{"line":114,"column":80}},"91":{"start":{"line":116,"column":55},"end":{"line":116,"column":63}},"92":{"start":{"line":117,"column":26},"end":{"line":117,"column":82}},"93":{"start":{"line":118,"column":4},"end":{"line":118,"column":36}},"94":{"start":{"line":119,"column":4},"end":{"line":119,"column":40}},"95":{"start":{"line":122,"column":0},"end":{"line":132,"column":3}},"96":{"start":{"line":123,"column":15},"end":{"line":123,"column":38}},"97":{"start":{"line":124,"column":18},"end":{"line":124,"column":61}},"98":{"start":{"line":124,"column":47},"end":{"line":124,"column":60}},"99":{"start":{"line":125,"column":4},"end":{"line":125,"column":87}},"100":{"start":{"line":125,"column":22},"end":{"line":125,"column":87}},"101":{"start":{"line":127,"column":19},"end":{"line":127,"column":54}},"102":{"start":{"line":128,"column":4},"end":{"line":128,"column":80}},"103":{"start":{"line":128,"column":40},"end":{"line":128,"column":80}},"104":{"start":{"line":130,"column":4},"end":{"line":130,"column":68}},"105":{"start":{"line":131,"column":4},"end":{"line":131,"column":33}},"106":{"start":{"line":134,"column":0},"end":{"line":141,"column":3}},"107":{"start":{"line":135,"column":15},"end":{"line":135,"column":38}},"108":{"start":{"line":136,"column":18},"end":{"line":136,"column":61}},"109":{"start":{"line":136,"column":47},"end":{"line":136,"column":60}},"110":{"start":{"line":137,"column":4},"end":{"line":137,"column":87}},"111":{"start":{"line":137,"column":22},"end":{"line":137,"column":87}},"112":{"start":{"line":139,"column":20},"end":{"line":139,"column":48}},"113":{"start":{"line":140,"column":4},"end":{"line":140,"column":74}},"114":{"start":{"line":144,"column":29},"end":{"line":144,"column":33}},"115":{"start":{"line":146,"column":31},"end":{"line":156,"column":1}},"116":{"start":{"line":147,"column":17},"end":{"line":154,"column":5}},"117":{"start":{"line":155,"column":4},"end":{"line":155,"column":16}},"118":{"start":{"line":158,"column":0},"end":{"line":170,"column":3}},"119":{"start":{"line":159,"column":4},"end":{"line":169,"column":5}},"120":{"start":{"line":160,"column":8},"end":{"line":165,"column":17}},"121":{"start":{"line":161,"column":28},"end":{"line":161,"column":52}},"122":{"start":{"line":162,"column":12},"end":{"line":162,"column":34}},"123":{"start":{"line":163,"column":12},"end":{"line":163,"column":38}},"124":{"start":{"line":164,"column":12},"end":{"line":164,"column":49}},"125":{"start":{"line":166,"column":8},"end":{"line":166,"column":64}},"126":{"start":{"line":168,"column":8},"end":{"line":168,"column":84}},"127":{"start":{"line":172,"column":0},"end":{"line":180,"column":3}},"128":{"start":{"line":173,"column":4},"end":{"line":179,"column":5}},"129":{"start":{"line":174,"column":8},"end":{"line":174,"column":46}},"130":{"start":{"line":175,"column":8},"end":{"line":175,"column":38}},"131":{"start":{"line":176,"column":8},"end":{"line":176,"column":63}},"132":{"start":{"line":178,"column":8},"end":{"line":178,"column":83}},"133":{"start":{"line":182,"column":0},"end":{"line":188,"column":3}},"134":{"start":{"line":183,"column":24},"end":{"line":183,"column":42}},"135":{"start":{"line":184,"column":4},"end":{"line":184,"column":55}},"136":{"start":{"line":184,"column":44},"end":{"line":184,"column":53}},"137":{"start":{"line":185,"column":25},"end":{"line":185,"column":57}},"138":{"start":{"line":186,"column":4},"end":{"line":186,"column":27}},"139":{"start":{"line":187,"column":4},"end":{"line":187,"column":70}},"140":{"start":{"line":191,"column":15},"end":{"line":191,"column":37}},"141":{"start":{"line":192,"column":11},"end":{"line":197,"column":2}},"142":{"start":{"line":199,"column":0},"end":{"line":206,"column":3}},"143":{"start":{"line":200,"column":4},"end":{"line":200,"column":52}},"144":{"start":{"line":201,"column":4},"end":{"line":201,"column":51}},"145":{"start":{"line":203,"column":4},"end":{"line":205,"column":7}},"146":{"start":{"line":204,"column":8},"end":{"line":204,"column":55}},"147":{"start":{"line":208,"column":0},"end":{"line":210,"column":3}},"148":{"start":{"line":209,"column":4},"end":{"line":209,"column":74}},"149":{"start":{"line":212,"column":0},"end":{"line":212,"column":21}}},"fnMap":{"0":{"name":"(anonymous_0)","decl":{"start":{"line":20,"column":17},"end":{"line":20,"column":18}},"loc":{"start":{"line":20,"column":36},"end":{"line":22,"column":5}},"line":20},"1":{"name":"(anonymous_1)","decl":{"start":{"line":23,"column":14},"end":{"line":23,"column":15}},"loc":{"start":{"line":23,"column":33},"end":{"line":25,"column":5}},"line":23},"2":{"name":"(anonymous_2)","decl":{"start":{"line":31,"column":47},"end":{"line":31,"column":48}},"loc":{"start":{"line":31,"column":61},"end":{"line":36,"column":1}},"line":31},"3":{"name":"(anonymous_3)","decl":{"start":{"line":47,"column":31},"end":{"line":47,"column":32}},"loc":{"start":{"line":47,"column":39},"end":{"line":54,"column":5}},"line":47},"4":{"name":"validateInvitation","decl":{"start":{"line":61,"column":9},"end":{"line":61,"column":27}},"loc":{"start":{"line":61,"column":34},"end":{"line":71,"column":1}},"line":61},"5":{"name":"validatePartialInvitation","decl":{"start":{"line":73,"column":9},"end":{"line":73,"column":34}},"loc":{"start":{"line":73,"column":41},"end":{"line":83,"column":1}},"line":73},"6":{"name":"(anonymous_6)","decl":{"start":{"line":86,"column":28},"end":{"line":86,"column":29}},"loc":{"start":{"line":86,"column":42},"end":{"line":103,"column":1}},"line":86},"7":{"name":"(anonymous_7)","decl":{"start":{"line":91,"column":45},"end":{"line":91,"column":46}},"loc":{"start":{"line":91,"column":52},"end":{"line":91,"column":85}},"line":91},"8":{"name":"(anonymous_8)","decl":{"start":{"line":92,"column":46},"end":{"line":92,"column":47}},"loc":{"start":{"line":92,"column":53},"end":{"line":92,"column":80}},"line":92},"9":{"name":"(anonymous_9)","decl":{"start":{"line":94,"column":51},"end":{"line":94,"column":52}},"loc":{"start":{"line":94,"column":61},"end":{"line":94,"column":78}},"line":94},"10":{"name":"(anonymous_10)","decl":{"start":{"line":95,"column":57},"end":{"line":95,"column":58}},"loc":{"start":{"line":95,"column":67},"end":{"line":95,"column":84}},"line":95},"11":{"name":"(anonymous_11)","decl":{"start":{"line":96,"column":55},"end":{"line":96,"column":56}},"loc":{"start":{"line":96,"column":65},"end":{"line":96,"column":93}},"line":96},"12":{"name":"(anonymous_12)","decl":{"start":{"line":97,"column":56},"end":{"line":97,"column":57}},"loc":{"start":{"line":97,"column":66},"end":{"line":97,"column":94}},"line":97},"13":{"name":"(anonymous_13)","decl":{"start":{"line":105,"column":32},"end":{"line":105,"column":33}},"loc":{"start":{"line":105,"column":46},"end":{"line":110,"column":1}},"line":105},"14":{"name":"(anonymous_14)","decl":{"start":{"line":107,"column":40},"end":{"line":107,"column":41}},"loc":{"start":{"line":107,"column":47},"end":{"line":107,"column":60}},"line":107},"15":{"name":"(anonymous_15)","decl":{"start":{"line":112,"column":29},"end":{"line":112,"column":30}},"loc":{"start":{"line":112,"column":43},"end":{"line":120,"column":1}},"line":112},"16":{"name":"(anonymous_16)","decl":{"start":{"line":122,"column":34},"end":{"line":122,"column":35}},"loc":{"start":{"line":122,"column":48},"end":{"line":132,"column":1}},"line":122},"17":{"name":"(anonymous_17)","decl":{"start":{"line":124,"column":40},"end":{"line":124,"column":41}},"loc":{"start":{"line":124,"column":47},"end":{"line":124,"column":60}},"line":124},"18":{"name":"(anonymous_18)","decl":{"start":{"line":134,"column":35},"end":{"line":134,"column":36}},"loc":{"start":{"line":134,"column":49},"end":{"line":141,"column":1}},"line":134},"19":{"name":"(anonymous_19)","decl":{"start":{"line":136,"column":40},"end":{"line":136,"column":41}},"loc":{"start":{"line":136,"column":47},"end":{"line":136,"column":60}},"line":136},"20":{"name":"(anonymous_20)","decl":{"start":{"line":146,"column":31},"end":{"line":146,"column":32}},"loc":{"start":{"line":146,"column":37},"end":{"line":156,"column":1}},"line":146},"21":{"name":"(anonymous_21)","decl":{"start":{"line":158,"column":28},"end":{"line":158,"column":29}},"loc":{"start":{"line":158,"column":42},"end":{"line":170,"column":1}},"line":158},"22":{"name":"(anonymous_22)","decl":{"start":{"line":160,"column":45},"end":{"line":160,"column":46}},"loc":{"start":{"line":160,"column":51},"end":{"line":165,"column":9}},"line":160},"23":{"name":"(anonymous_23)","decl":{"start":{"line":172,"column":28},"end":{"line":172,"column":29}},"loc":{"start":{"line":172,"column":42},"end":{"line":180,"column":1}},"line":172},"24":{"name":"(anonymous_24)","decl":{"start":{"line":182,"column":24},"end":{"line":182,"column":25}},"loc":{"start":{"line":182,"column":38},"end":{"line":188,"column":1}},"line":182},"25":{"name":"(anonymous_25)","decl":{"start":{"line":184,"column":37},"end":{"line":184,"column":38}},"loc":{"start":{"line":184,"column":44},"end":{"line":184,"column":53}},"line":184},"26":{"name":"(anonymous_26)","decl":{"start":{"line":199,"column":20},"end":{"line":199,"column":21}},"loc":{"start":{"line":199,"column":32},"end":{"line":206,"column":1}},"line":199},"27":{"name":"(anonymous_27)","decl":{"start":{"line":203,"column":28},"end":{"line":203,"column":29}},"loc":{"start":{"line":203,"column":34},"end":{"line":205,"column":5}},"line":203},"28":{"name":"(anonymous_28)","decl":{"start":{"line":208,"column":30},"end":{"line":208,"column":31}},"loc":{"start":{"line":208,"column":36},"end":{"line":210,"column":1}},"line":208}},"branchMap":{"0":{"loc":{"start":{"line":10,"column":13},"end":{"line":10,"column":37}},"type":"binary-expr","locations":[{"start":{"line":10,"column":13},"end":{"line":10,"column":29}},{"start":{"line":10,"column":33},"end":{"line":10,"column":37}}],"line":10},"1":{"loc":{"start":{"line":32,"column":4},"end":{"line":34,"column":5}},"type":"if","locations":[{"start":{"line":32,"column":4},"end":{"line":34,"column":5}},{"start":{},"end":{}}],"line":32},"2":{"loc":{"start":{"line":63,"column":4},"end":{"line":63,"column":61}},"type":"if","locations":[{"start":{"line":63,"column":4},"end":{"line":63,"column":61}},{"start":{},"end":{}}],"line":63},"3":{"loc":{"start":{"line":64,"column":4},"end":{"line":64,"column":77}},"type":"if","locations":[{"start":{"line":64,"column":4},"end":{"line":64,"column":77}},{"start":{},"end":{}}],"line":64},"4":{"loc":{"start":{"line":65,"column":4},"end":{"line":65,"column":64}},"type":"if","locations":[{"start":{"line":65,"column":4},"end":{"line":65,"column":64}},{"start":{},"end":{}}],"line":65},"5":{"loc":{"start":{"line":66,"column":4},"end":{"line":66,"column":71}},"type":"if","locations":[{"start":{"line":66,"column":4},"end":{"line":66,"column":71}},{"start":{},"end":{}}],"line":66},"6":{"loc":{"start":{"line":67,"column":4},"end":{"line":69,"column":5}},"type":"if","locations":[{"start":{"line":67,"column":4},"end":{"line":69,"column":5}},{"start":{},"end":{}}],"line":67},"7":{"loc":{"start":{"line":67,"column":8},"end":{"line":67,"column":57}},"type":"binary-expr","locations":[{"start":{"line":67,"column":8},"end":{"line":67,"column":38}},{"start":{"line":67,"column":42},"end":{"line":67,"column":57}}],"line":67},"8":{"loc":{"start":{"line":75,"column":4},"end":{"line":75,"column":79}},"type":"if","locations":[{"start":{"line":75,"column":4},"end":{"line":75,"column":79}},{"start":{},"end":{}}],"line":75},"9":{"loc":{"start":{"line":75,"column":8},"end":{"line":75,"column":44}},"type":"binary-expr","locations":[{"start":{"line":75,"column":8},"end":{"line":75,"column":22}},{"start":{"line":75,"column":26},"end":{"line":75,"column":44}}],"line":75},"10":{"loc":{"start":{"line":76,"column":4},"end":{"line":76,"column":100}},"type":"if","locations":[{"start":{"line":76,"column":4},"end":{"line":76,"column":100}},{"start":{},"end":{}}],"line":76},"11":{"loc":{"start":{"line":76,"column":8},"end":{"line":76,"column":54}},"type":"binary-expr","locations":[{"start":{"line":76,"column":8},"end":{"line":76,"column":27}},{"start":{"line":76,"column":31},"end":{"line":76,"column":54}}],"line":76},"12":{"loc":{"start":{"line":77,"column":4},"end":{"line":77,"column":83}},"type":"if","locations":[{"start":{"line":77,"column":4},"end":{"line":77,"column":83}},{"start":{},"end":{}}],"line":77},"13":{"loc":{"start":{"line":77,"column":8},"end":{"line":77,"column":46}},"type":"binary-expr","locations":[{"start":{"line":77,"column":8},"end":{"line":77,"column":23}},{"start":{"line":77,"column":27},"end":{"line":77,"column":46}}],"line":77},"14":{"loc":{"start":{"line":78,"column":4},"end":{"line":78,"column":92}},"type":"if","locations":[{"start":{"line":78,"column":4},"end":{"line":78,"column":92}},{"start":{},"end":{}}],"line":78},"15":{"loc":{"start":{"line":78,"column":8},"end":{"line":78,"column":50}},"type":"binary-expr","locations":[{"start":{"line":78,"column":8},"end":{"line":78,"column":25}},{"start":{"line":78,"column":29},"end":{"line":78,"column":50}}],"line":78},"16":{"loc":{"start":{"line":79,"column":4},"end":{"line":81,"column":5}},"type":"if","locations":[{"start":{"line":79,"column":4},"end":{"line":81,"column":5}},{"start":{},"end":{}}],"line":79},"17":{"loc":{"start":{"line":79,"column":8},"end":{"line":79,"column":78}},"type":"binary-expr","locations":[{"start":{"line":79,"column":8},"end":{"line":79,"column":23}},{"start":{"line":79,"column":28},"end":{"line":79,"column":58}},{"start":{"line":79,"column":62},"end":{"line":79,"column":77}}],"line":79},"18":{"loc":{"start":{"line":91,"column":8},"end":{"line":91,"column":87}},"type":"if","locations":[{"start":{"line":91,"column":8},"end":{"line":91,"column":87}},{"start":{},"end":{}}],"line":91},"19":{"loc":{"start":{"line":92,"column":8},"end":{"line":92,"column":82}},"type":"if","locations":[{"start":{"line":92,"column":8},"end":{"line":92,"column":82}},{"start":{},"end":{}}],"line":92},"20":{"loc":{"start":{"line":94,"column":8},"end":{"line":97,"column":96}},"type":"if","locations":[{"start":{"line":94,"column":8},"end":{"line":97,"column":96}},{"start":{"line":95,"column":13},"end":{"line":97,"column":96}}],"line":94},"21":{"loc":{"start":{"line":95,"column":13},"end":{"line":97,"column":96}},"type":"if","locations":[{"start":{"line":95,"column":13},"end":{"line":97,"column":96}},{"start":{"line":96,"column":13},"end":{"line":97,"column":96}}],"line":95},"22":{"loc":{"start":{"line":96,"column":13},"end":{"line":97,"column":96}},"type":"if","locations":[{"start":{"line":96,"column":13},"end":{"line":97,"column":96}},{"start":{"line":97,"column":13},"end":{"line":97,"column":96}}],"line":96},"23":{"loc":{"start":{"line":97,"column":13},"end":{"line":97,"column":96}},"type":"if","locations":[{"start":{"line":97,"column":13},"end":{"line":97,"column":96}},{"start":{},"end":{}}],"line":97},"24":{"loc":{"start":{"line":108,"column":4},"end":{"line":108,"column":86}},"type":"if","locations":[{"start":{"line":108,"column":4},"end":{"line":108,"column":86}},{"start":{},"end":{}}],"line":108},"25":{"loc":{"start":{"line":114,"column":4},"end":{"line":114,"column":80}},"type":"if","locations":[{"start":{"line":114,"column":4},"end":{"line":114,"column":80}},{"start":{},"end":{}}],"line":114},"26":{"loc":{"start":{"line":125,"column":4},"end":{"line":125,"column":87}},"type":"if","locations":[{"start":{"line":125,"column":4},"end":{"line":125,"column":87}},{"start":{},"end":{}}],"line":125},"27":{"loc":{"start":{"line":128,"column":4},"end":{"line":128,"column":80}},"type":"if","locations":[{"start":{"line":128,"column":4},"end":{"line":128,"column":80}},{"start":{},"end":{}}],"line":128},"28":{"loc":{"start":{"line":137,"column":4},"end":{"line":137,"column":87}},"type":"if","locations":[{"start":{"line":137,"column":4},"end":{"line":137,"column":87}},{"start":{},"end":{}}],"line":137},"29":{"loc":{"start":{"line":159,"column":4},"end":{"line":169,"column":5}},"type":"if","locations":[{"start":{"line":159,"column":4},"end":{"line":169,"column":5}},{"start":{"line":167,"column":11},"end":{"line":169,"column":5}}],"line":159},"30":{"loc":{"start":{"line":173,"column":4},"end":{"line":179,"column":5}},"type":"if","locations":[{"start":{"line":173,"column":4},"end":{"line":179,"column":5}},{"start":{"line":177,"column":11},"end":{"line":179,"column":5}}],"line":173}},"s":{"0":1,"1":1,"2":1,"3":1,"4":1,"5":1,"6":1,"7":1,"8":1,"9":1,"10":1,"11":1,"12":1,"13":1,"14":1,"15":1,"16":1,"17":1,"18":1,"19":2,"20":1,"21":1,"22":1,"23":1,"24":1,"25":1,"26":1,"27":1,"28":1,"29":14,"30":1,"31":0,"32":2,"33":2,"34":1,"35":2,"36":1,"37":2,"38":1,"39":2,"40":1,"41":2,"42":1,"43":2,"44":1,"45":1,"46":0,"47":1,"48":0,"49":1,"50":0,"51":1,"52":0,"53":1,"54":0,"55":1,"56":1,"57":4,"58":4,"59":4,"60":4,"61":1,"62":14,"63":4,"64":1,"65":14,"66":4,"67":0,"68":0,"69":4,"70":0,"71":0,"72":4,"73":1,"74":6,"75":3,"76":0,"77":0,"78":4,"79":0,"80":1,"81":2,"82":2,"83":29,"84":2,"85":1,"86":1,"87":1,"88":2,"89":2,"90":1,"91":1,"92":1,"93":1,"94":1,"95":1,"96":1,"97":1,"98":15,"99":1,"100":0,"101":1,"102":1,"103":0,"104":1,"105":1,"106":1,"107":1,"108":1,"109":15,"110":1,"111":0,"112":1,"113":1,"114":1,"115":1,"116":0,"117":0,"118":1,"119":2,"120":1,"121":0,"122":0,"123":0,"124":0,"125":1,"126":1,"127":1,"128":2,"129":1,"130":1,"131":1,"132":1,"133":1,"134":1,"135":1,"136":14,"137":1,"138":1,"139":1,"140":1,"141":1,"142":1,"143":0,"144":0,"145":0,"146":0,"147":1,"148":0,"149":1},"f":{"0":1,"1":1,"2":2,"3":14,"4":2,"5":1,"6":4,"7":14,"8":14,"9":0,"10":0,"11":6,"12":0,"13":2,"14":29,"15":2,"16":1,"17":15,"18":1,"19":15,"20":0,"21":2,"22":0,"23":2,"24":1,"25":14,"26":0,"27":0,"28":0},"b":{"0":[1,1],"1":[1,1],"2":[1,1],"3":[1,1],"4":[1,1],"5":[1,1],"6":[1,1],"7":[2,2],"8":[0,1],"9":[1,1],"10":[0,1],"11":[1,0],"12":[0,1],"13":[1,0],"14":[0,1],"15":[1,0],"16":[0,1],"17":[1,1,1],"18":[1,3],"19":[1,3],"20":[0,4],"21":[0,4],"22":[1,3],"23":[0,3],"24":[1,1],"25":[1,1],"26":[0,1],"27":[0,1],"28":[0,1],"29":[1,1],"30":[1,1]},"_coverageSchema":"1a1c01bbd47fc00a2c39e90264f33305004495a9","hash":"59b54533e2352b792bb4a92e06ad2e21514c67c0"}
,"C:\\Users\\Lenovo\\WebstormProjects\\invitation_app\\server\\data\\initialData.js": {"path":"C:\\Users\\Lenovo\\WebstormProjects\\invitation_app\\server\\data\\initialData.js","statementMap":{"0":{"start":{"line":1,"column":0},"end":{"line":100,"column":2}}},"fnMap":{},"branchMap":{},"s":{"0":1},"f":{},"b":{},"_coverageSchema":"1a1c01bbd47fc00a2c39e90264f33305004495a9","hash":"300bb932892c16d806a78be03de7731b524e5e9d"}
}
