TN:
SF:index.js
FN:20,(anonymous_0)
FN:23,(anonymous_1)
FN:31,(anonymous_2)
FN:47,(anonymous_3)
FN:61,validateInvitation
FN:73,validatePartialInvitation
FN:86,(anonymous_6)
FN:91,(anonymous_7)
FN:92,(anonymous_8)
FN:94,(anonymous_9)
FN:95,(anonymous_10)
FN:96,(anonymous_11)
FN:97,(anonymous_12)
FN:105,(anonymous_13)
FN:107,(anonymous_14)
FN:112,(anonymous_15)
FN:122,(anonymous_16)
FN:124,(anonymous_17)
FN:134,(anonymous_18)
FN:136,(anonymous_19)
FN:146,(anonymous_20)
FN:158,(anonymous_21)
FN:160,(anonymous_22)
FN:172,(anonymous_23)
FN:182,(anonymous_24)
FN:184,(anonymous_25)
FN:199,(anonymous_26)
FN:203,(anonymous_27)
FN:208,(anonymous_28)
FNF:29
FNH:21
FNDA:1,(anonymous_0)
FNDA:1,(anonymous_1)
FNDA:2,(anonymous_2)
FNDA:14,(anonymous_3)
FNDA:2,validateInvitation
FNDA:1,validatePartialInvitation
FNDA:4,(anonymous_6)
FNDA:14,(anonymous_7)
FNDA:14,(anonymous_8)
FNDA:0,(anonymous_9)
FNDA:0,(anonymous_10)
FNDA:6,(anonymous_11)
FNDA:0,(anonymous_12)
FNDA:2,(anonymous_13)
FNDA:29,(anonymous_14)
FNDA:2,(anonymous_15)
FNDA:1,(anonymous_16)
FNDA:15,(anonymous_17)
FNDA:1,(anonymous_18)
FNDA:15,(anonymous_19)
FNDA:0,(anonymous_20)
FNDA:2,(anonymous_21)
FNDA:0,(anonymous_22)
FNDA:2,(anonymous_23)
FNDA:1,(anonymous_24)
FNDA:14,(anonymous_25)
FNDA:0,(anonymous_26)
FNDA:0,(anonymous_27)
FNDA:0,(anonymous_28)
DA:1,1
DA:2,1
DA:3,1
DA:4,1
DA:5,1
DA:6,1
DA:7,1
DA:9,1
DA:10,1
DA:12,1
DA:13,1
DA:14,1
DA:15,1
DA:18,1
DA:19,1
DA:21,1
DA:24,1
DA:27,1
DA:31,1
DA:32,2
DA:33,1
DA:35,1
DA:39,1
DA:40,1
DA:42,1
DA:43,1
DA:44,1
DA:45,1
DA:47,14
DA:55,1
DA:57,0
DA:62,2
DA:63,2
DA:64,2
DA:65,2
DA:66,2
DA:67,2
DA:68,1
DA:70,2
DA:74,1
DA:75,1
DA:76,1
DA:77,1
DA:78,1
DA:79,1
DA:80,0
DA:82,1
DA:86,1
DA:87,4
DA:88,4
DA:89,4
DA:91,14
DA:92,14
DA:94,4
DA:95,4
DA:96,6
DA:97,3
DA:99,4
DA:101,0
DA:105,1
DA:106,2
DA:107,29
DA:108,2
DA:109,1
DA:112,1
DA:113,2
DA:114,2
DA:116,1
DA:117,1
DA:118,1
DA:119,1
DA:122,1
DA:123,1
DA:124,15
DA:125,1
DA:127,1
DA:128,1
DA:130,1
DA:131,1
DA:134,1
DA:135,1
DA:136,15
DA:137,1
DA:139,1
DA:140,1
DA:144,1
DA:146,1
DA:147,0
DA:155,0
DA:158,1
DA:159,2
DA:160,1
DA:161,0
DA:162,0
DA:163,0
DA:164,0
DA:166,1
DA:168,1
DA:172,1
DA:173,2
DA:174,1
DA:175,1
DA:176,1
DA:178,1
DA:182,1
DA:183,1
DA:184,14
DA:185,1
DA:186,1
DA:187,1
DA:191,1
DA:192,1
DA:199,1
DA:200,0
DA:201,0
DA:203,0
DA:204,0
DA:208,1
DA:209,0
DA:212,1
LF:120
LH:106
BRDA:10,0,0,1
BRDA:10,0,1,1
BRDA:32,1,0,1
BRDA:32,1,1,1
BRDA:63,2,0,1
BRDA:63,2,1,1
BRDA:64,3,0,1
BRDA:64,3,1,1
BRDA:65,4,0,1
BRDA:65,4,1,1
BRDA:66,5,0,1
BRDA:66,5,1,1
BRDA:67,6,0,1
BRDA:67,6,1,1
BRDA:67,7,0,2
BRDA:67,7,1,2
BRDA:75,8,0,0
BRDA:75,8,1,1
BRDA:75,9,0,1
BRDA:75,9,1,1
BRDA:76,10,0,0
BRDA:76,10,1,1
BRDA:76,11,0,1
BRDA:76,11,1,0
BRDA:77,12,0,0
BRDA:77,12,1,1
BRDA:77,13,0,1
BRDA:77,13,1,0
BRDA:78,14,0,0
BRDA:78,14,1,1
BRDA:78,15,0,1
BRDA:78,15,1,0
BRDA:79,16,0,0
BRDA:79,16,1,1
BRDA:79,17,0,1
BRDA:79,17,1,1
BRDA:79,17,2,1
BRDA:91,18,0,1
BRDA:91,18,1,3
BRDA:92,19,0,1
BRDA:92,19,1,3
BRDA:94,20,0,0
BRDA:94,20,1,4
BRDA:95,21,0,0
BRDA:95,21,1,4
BRDA:96,22,0,1
BRDA:96,22,1,3
BRDA:97,23,0,0
BRDA:97,23,1,3
BRDA:108,24,0,1
BRDA:108,24,1,1
BRDA:114,25,0,1
BRDA:114,25,1,1
BRDA:125,26,0,0
BRDA:125,26,1,1
BRDA:128,27,0,0
BRDA:128,27,1,1
BRDA:137,28,0,0
BRDA:137,28,1,1
BRDA:159,29,0,1
BRDA:159,29,1,1
BRDA:173,30,0,1
BRDA:173,30,1,1
BRF:63
BRH:49
end_of_record
TN:
SF:data\initialData.js
FNF:0
FNH:0
DA:1,1
LF:1
LH:1
BRF:0
BRH:0
end_of_record
